[0421/155607.757:ERROR:process_memory_win.cc(73)] ReadMemory at 0xf1197c0000 of 852 bytes failed: Only part of a ReadProcessMemory or WriteProcessMemory request was completed. (0x12B)
[0421/155607.758:ERROR:process_memory_win.cc(73)] ReadMemory at 0xf1197f1000 of 6024 bytes failed: Only part of a ReadProcessMemory or WriteProcessMemory request was completed. (0x12B)
[0421/155607.759:ERROR:process_memory_win.cc(73)] ReadMemory at 0x24b32bb0750 of 62 bytes failed: Only part of a ReadProcessMemory or WriteProcessMemory request was completed. (0x12B)
[0421/155607.760:ERROR:process_memory_win.cc(73)] ReadMemory at 0x24b32bb07a0 of 60 bytes failed: Only part of a ReadProcessMemory or WriteProcessMemory request was completed. (0x12B)
[0421/155607.760:ERROR:process_memory_win.cc(73)] ReadMemory at 0x24b32bb0fe0 of 21964 bytes failed: Only part of a ReadProcessMemory or WriteProcessMemory request was completed. (0x12B)
[0421/155607.760:ERROR:process_memory_win.cc(73)] ReadMemory at 0x24b32bb65c0 of 1012 bytes failed: Only part of a ReadProcessMemory or WriteProcessMemory request was completed. (0x12B)
[0421/155607.760:ERROR:process_memory_win.cc(73)] ReadMemory at 0x24b32bb6c08 of 118 bytes failed: Only part of a ReadProcessMemory or WriteProcessMemory request was completed. (0x12B)
[0421/155607.761:ERROR:process_memory_win.cc(73)] ReadMemory at 0x24b32bb6c80 of 830 bytes failed: Only part of a ReadProcessMemory or WriteProcessMemory request was completed. (0x12B)
[0421/155607.761:ERROR:process_memory_win.cc(73)] ReadMemory at 0x24b32bb6fc0 of 118 bytes failed: Only part of a ReadProcessMemory or WriteProcessMemory request was completed. (0x12B)
[0421/155607.761:ERROR:process_memory_win.cc(73)] ReadMemory at 0x24b32bb7038 of 30 bytes failed: Only part of a ReadProcessMemory or WriteProcessMemory request was completed. (0x12B)
[0421/155607.761:ERROR:process_memory_win.cc(73)] ReadMemory at 0x24b32bb7070 of 58 bytes failed: Only part of a ReadProcessMemory or WriteProcessMemory request was completed. (0x12B)
[0421/155607.761:ERROR:process_memory_win.cc(73)] ReadMemory at 0x24b32bb7170 of 132 bytes failed: Only part of a ReadProcessMemory or WriteProcessMemory request was completed. (0x12B)
[0421/155607.762:ERROR:process_memory_win.cc(73)] ReadMemory at 0x24b32bb7300 of 132 bytes failed: Only part of a ReadProcessMemory or WriteProcessMemory request was completed. (0x12B)
[0421/155607.762:ERROR:process_memory_win.cc(73)] ReadMemory at 0x24b32bb74c0 of 126 bytes failed: Only part of a ReadProcessMemory or WriteProcessMemory request was completed. (0x12B)
[0421/155607.762:ERROR:process_memory_win.cc(73)] ReadMemory at 0x24b32bb78a0 of 132 bytes failed: Only part of a ReadProcessMemory or WriteProcessMemory request was completed. (0x12B)
[0421/155607.762:ERROR:process_memory_win.cc(73)] ReadMemory at 0x24b32bb7a30 of 64 bytes failed: Only part of a ReadProcessMemory or WriteProcessMemory request was completed. (0x12B)
[0421/155607.762:ERROR:process_memory_win.cc(73)] ReadMemory at 0x24b32bb7e90 of 132 bytes failed: Only part of a ReadProcessMemory or WriteProcessMemory request was completed. (0x12B)
[0421/155607.762:ERROR:process_memory_win.cc(73)] ReadMemory at 0x24b32bb8030 of 68 bytes failed: Only part of a ReadProcessMemory or WriteProcessMemory request was completed. (0x12B)
[0421/155607.762:ERROR:process_memory_win.cc(73)] ReadMemory at 0x24b32bb9260 of 132 bytes failed: Only part of a ReadProcessMemory or WriteProcessMemory request was completed. (0x12B)
[0421/155607.762:ERROR:process_memory_win.cc(73)] ReadMemory at 0x24b32bb9390 of 146 bytes failed: Only part of a ReadProcessMemory or WriteProcessMemory request was completed. (0x12B)
[0421/155607.762:ERROR:process_memory_win.cc(73)] ReadMemory at 0x24b32bb9470 of 132 bytes failed: Only part of a ReadProcessMemory or WriteProcessMemory request was completed. (0x12B)
[0421/155607.762:ERROR:process_memory_win.cc(73)] ReadMemory at 0x24b32bb9600 of 154 bytes failed: Only part of a ReadProcessMemory or WriteProcessMemory request was completed. (0x12B)
[0421/155607.762:ERROR:process_memory_win.cc(73)] ReadMemory at 0x24b32bbe5d0 of 132 bytes failed: Only part of a ReadProcessMemory or WriteProcessMemory request was completed. (0x12B)
[0421/155607.763:ERROR:process_memory_win.cc(73)] ReadMemory at 0x24b32bbea7c of 512 bytes failed: Only part of a ReadProcessMemory or WriteProcessMemory request was completed. (0x12B)
[0421/155607.763:ERROR:process_memory_win.cc(73)] ReadMemory at 0x24b32bbf8c0 of 132 bytes failed: Only part of a ReadProcessMemory or WriteProcessMemory request was completed. (0x12B)
[0421/155607.763:ERROR:process_memory_win.cc(73)] ReadMemory at 0x24b32bbfc10 of 132 bytes failed: Only part of a ReadProcessMemory or WriteProcessMemory request was completed. (0x12B)
[0421/155607.763:ERROR:process_memory_win.cc(73)] ReadMemory at 0x24b32bbfe30 of 132 bytes failed: Only part of a ReadProcessMemory or WriteProcessMemory request was completed. (0x12B)
[0421/155607.763:ERROR:process_memory_win.cc(73)] ReadMemory at 0x24b32bc00f0 of 62 bytes failed: Only part of a ReadProcessMemory or WriteProcessMemory request was completed. (0x12B)
[0421/155607.763:ERROR:process_memory_win.cc(73)] ReadMemory at 0x24b32bc0280 of 60 bytes failed: Only part of a ReadProcessMemory or WriteProcessMemory request was completed. (0x12B)
[0421/155607.763:ERROR:process_memory_win.cc(73)] ReadMemory at 0x24b32bc02d0 of 64 bytes failed: Only part of a ReadProcessMemory or WriteProcessMemory request was completed. (0x12B)
[0421/155607.763:ERROR:process_memory_win.cc(73)] ReadMemory at 0x24b32bc0370 of 64 bytes failed: Only part of a ReadProcessMemory or WriteProcessMemory request was completed. (0x12B)
[0421/155607.764:ERROR:process_memory_win.cc(73)] ReadMemory at 0x24b32bc0460 of 66 bytes failed: Only part of a ReadProcessMemory or WriteProcessMemory request was completed. (0x12B)
[0421/155607.764:ERROR:process_memory_win.cc(73)] ReadMemory at 0x24b32bc04b0 of 64 bytes failed: Only part of a ReadProcessMemory or WriteProcessMemory request was completed. (0x12B)
[0421/155607.764:ERROR:process_memory_win.cc(73)] ReadMemory at 0x24b32bc0500 of 62 bytes failed: Only part of a ReadProcessMemory or WriteProcessMemory request was completed. (0x12B)
[0421/155607.764:ERROR:process_memory_win.cc(73)] ReadMemory at 0x24b32bc05a0 of 64 bytes failed: Only part of a ReadProcessMemory or WriteProcessMemory request was completed. (0x12B)
[0421/155607.765:ERROR:process_memory_win.cc(73)] ReadMemory at 0x24b32bc05f0 of 60 bytes failed: Only part of a ReadProcessMemory or WriteProcessMemory request was completed. (0x12B)
[0421/155607.765:ERROR:process_memory_win.cc(73)] ReadMemory at 0x24b32bc08b0 of 132 bytes failed: Only part of a ReadProcessMemory or WriteProcessMemory request was completed. (0x12B)
[0421/155607.765:ERROR:process_memory_win.cc(73)] ReadMemory at 0x24b32bc0a80 of 132 bytes failed: Only part of a ReadProcessMemory or WriteProcessMemory request was completed. (0x12B)
[0421/155607.765:ERROR:process_memory_win.cc(73)] ReadMemory at 0x24b32bc0c10 of 80 bytes failed: Only part of a ReadProcessMemory or WriteProcessMemory request was completed. (0x12B)
[0421/155607.765:ERROR:process_memory_win.cc(73)] ReadMemory at 0x24b32bc1140 of 76 bytes failed: Only part of a ReadProcessMemory or WriteProcessMemory request was completed. (0x12B)
[0421/155607.766:ERROR:process_memory_win.cc(73)] ReadMemory at 0x24b32bc12c0 of 78 bytes failed: Only part of a ReadProcessMemory or WriteProcessMemory request was completed. (0x12B)
[0421/155607.766:ERROR:process_memory_win.cc(73)] ReadMemory at 0x24b32bc1440 of 80 bytes failed: Only part of a ReadProcessMemory or WriteProcessMemory request was completed. (0x12B)
[0421/155607.766:ERROR:process_memory_win.cc(73)] ReadMemory at 0x24b32bc1dc0 of 60 bytes failed: Only part of a ReadProcessMemory or WriteProcessMemory request was completed. (0x12B)
[0421/155607.766:ERROR:process_memory_win.cc(73)] ReadMemory at 0x24b32bc1fa0 of 62 bytes failed: Only part of a ReadProcessMemory or WriteProcessMemory request was completed. (0x12B)
[0421/155607.766:ERROR:process_memory_win.cc(73)] ReadMemory at 0x24b32bc2040 of 62 bytes failed: Only part of a ReadProcessMemory or WriteProcessMemory request was completed. (0x12B)
[0421/155607.767:ERROR:process_memory_win.cc(73)] ReadMemory at 0x24b32bc2090 of 64 bytes failed: Only part of a ReadProcessMemory or WriteProcessMemory request was completed. (0x12B)
[0421/155607.767:ERROR:process_memory_win.cc(73)] ReadMemory at 0x24b32bc20e0 of 62 bytes failed: Only part of a ReadProcessMemory or WriteProcessMemory request was completed. (0x12B)
[0421/155607.767:ERROR:process_memory_win.cc(73)] ReadMemory at 0x24b32bc2130 of 64 bytes failed: Only part of a ReadProcessMemory or WriteProcessMemory request was completed. (0x12B)
[0421/155607.767:ERROR:process_memory_win.cc(73)] ReadMemory at 0x24b32bc2180 of 62 bytes failed: Only part of a ReadProcessMemory or WriteProcessMemory request was completed. (0x12B)
[0421/155607.767:ERROR:process_memory_win.cc(73)] ReadMemory at 0x24b32bc2220 of 62 bytes failed: Only part of a ReadProcessMemory or WriteProcessMemory request was completed. (0x12B)
[0421/155607.767:ERROR:process_memory_win.cc(73)] ReadMemory at 0x24b32bc2360 of 60 bytes failed: Only part of a ReadProcessMemory or WriteProcessMemory request was completed. (0x12B)
[0421/155607.767:ERROR:process_memory_win.cc(73)] ReadMemory at 0x24b32bc23b0 of 62 bytes failed: Only part of a ReadProcessMemory or WriteProcessMemory request was completed. (0x12B)
[0421/155607.768:ERROR:process_memory_win.cc(73)] ReadMemory at 0x24b32bc24a0 of 62 bytes failed: Only part of a ReadProcessMemory or WriteProcessMemory request was completed. (0x12B)
[0421/155607.768:ERROR:process_memory_win.cc(73)] ReadMemory at 0x24b32bc2770 of 66 bytes failed: Only part of a ReadProcessMemory or WriteProcessMemory request was completed. (0x12B)
[0421/155607.768:ERROR:process_memory_win.cc(73)] ReadMemory at 0x24b32bc2900 of 60 bytes failed: Only part of a ReadProcessMemory or WriteProcessMemory request was completed. (0x12B)
[0421/155607.768:ERROR:process_memory_win.cc(73)] ReadMemory at 0x24b32bc2950 of 58 bytes failed: Only part of a ReadProcessMemory or WriteProcessMemory request was completed. (0x12B)
[0421/155607.768:ERROR:process_memory_win.cc(73)] ReadMemory at 0x24b32bc29a0 of 60 bytes failed: Only part of a ReadProcessMemory or WriteProcessMemory request was completed. (0x12B)
[0421/155607.768:ERROR:process_memory_win.cc(73)] ReadMemory at 0x24b32bc2a90 of 64 bytes failed: Only part of a ReadProcessMemory or WriteProcessMemory request was completed. (0x12B)
[0421/155607.768:ERROR:process_memory_win.cc(73)] ReadMemory at 0x24b32bc2b30 of 62 bytes failed: Only part of a ReadProcessMemory or WriteProcessMemory request was completed. (0x12B)
[0421/155607.768:ERROR:process_memory_win.cc(73)] ReadMemory at 0x24b32bc2c20 of 64 bytes failed: Only part of a ReadProcessMemory or WriteProcessMemory request was completed. (0x12B)
[0421/155607.768:ERROR:process_memory_win.cc(73)] ReadMemory at 0x24b32bc8d70 of 54 bytes failed: Only part of a ReadProcessMemory or WriteProcessMemory request was completed. (0x12B)
[0421/155607.769:ERROR:process_memory_win.cc(73)] ReadMemory at 0x24b32bc8f00 of 132 bytes failed: Only part of a ReadProcessMemory or WriteProcessMemory request was completed. (0x12B)
[0421/155607.769:ERROR:process_memory_win.cc(73)] ReadMemory at 0x24b32bc96d0 of 132 bytes failed: Only part of a ReadProcessMemory or WriteProcessMemory request was completed. (0x12B)
[0421/155607.769:ERROR:process_memory_win.cc(73)] ReadMemory at 0x24b32bc9ec0 of 132 bytes failed: Only part of a ReadProcessMemory or WriteProcessMemory request was completed. (0x12B)
[0421/155607.769:ERROR:process_memory_win.cc(73)] ReadMemory at 0x24b32bca220 of 132 bytes failed: Only part of a ReadProcessMemory or WriteProcessMemory request was completed. (0x12B)
[0421/155607.769:ERROR:process_memory_win.cc(73)] ReadMemory at 0x24b32bcda40 of 132 bytes failed: Only part of a ReadProcessMemory or WriteProcessMemory request was completed. (0x12B)
[0421/155607.769:ERROR:process_memory_win.cc(73)] ReadMemory at 0x24b32bcdb70 of 132 bytes failed: Only part of a ReadProcessMemory or WriteProcessMemory request was completed. (0x12B)
[0421/155607.770:ERROR:process_memory_win.cc(73)] ReadMemory at 0x24b32bcdca0 of 132 bytes failed: Only part of a ReadProcessMemory or WriteProcessMemory request was completed. (0x12B)
[0421/155607.770:ERROR:process_memory_win.cc(73)] ReadMemory at 0x24b32bcddd0 of 132 bytes failed: Only part of a ReadProcessMemory or WriteProcessMemory request was completed. (0x12B)
[0421/155607.770:ERROR:process_memory_win.cc(73)] ReadMemory at 0x24b32bcdf00 of 132 bytes failed: Only part of a ReadProcessMemory or WriteProcessMemory request was completed. (0x12B)
[0421/155607.770:ERROR:process_memory_win.cc(73)] ReadMemory at 0x24b32bce030 of 132 bytes failed: Only part of a ReadProcessMemory or WriteProcessMemory request was completed. (0x12B)
[0421/155607.770:ERROR:process_memory_win.cc(73)] ReadMemory at 0x24b32bce160 of 132 bytes failed: Only part of a ReadProcessMemory or WriteProcessMemory request was completed. (0x12B)
[0421/155607.770:ERROR:process_memory_win.cc(73)] ReadMemory at 0x24b32bce290 of 132 bytes failed: Only part of a ReadProcessMemory or WriteProcessMemory request was completed. (0x12B)
[0421/155607.770:ERROR:process_memory_win.cc(73)] ReadMemory at 0x24b32bce3c0 of 132 bytes failed: Only part of a ReadProcessMemory or WriteProcessMemory request was completed. (0x12B)
[0421/155607.770:ERROR:process_memory_win.cc(73)] ReadMemory at 0x24b32bce4f0 of 132 bytes failed: Only part of a ReadProcessMemory or WriteProcessMemory request was completed. (0x12B)
[0421/155607.770:ERROR:process_memory_win.cc(73)] ReadMemory at 0x24b32bce620 of 132 bytes failed: Only part of a ReadProcessMemory or WriteProcessMemory request was completed. (0x12B)
[0421/155607.770:ERROR:process_memory_win.cc(73)] ReadMemory at 0x24b32bce750 of 132 bytes failed: Only part of a ReadProcessMemory or WriteProcessMemory request was completed. (0x12B)
[0421/155607.771:ERROR:process_memory_win.cc(73)] ReadMemory at 0x24b32bce880 of 132 bytes failed: Only part of a ReadProcessMemory or WriteProcessMemory request was completed. (0x12B)
[0421/155607.771:ERROR:process_memory_win.cc(73)] ReadMemory at 0x24b32bcefa0 of 132 bytes failed: Only part of a ReadProcessMemory or WriteProcessMemory request was completed. (0x12B)
[0421/155607.771:ERROR:process_memory_win.cc(73)] ReadMemory at 0x24b32bcf0d0 of 132 bytes failed: Only part of a ReadProcessMemory or WriteProcessMemory request was completed. (0x12B)
[0421/155607.771:ERROR:process_memory_win.cc(73)] ReadMemory at 0x24b32bcf200 of 132 bytes failed: Only part of a ReadProcessMemory or WriteProcessMemory request was completed. (0x12B)
[0421/155607.771:ERROR:process_memory_win.cc(73)] ReadMemory at 0x24b32bcf330 of 132 bytes failed: Only part of a ReadProcessMemory or WriteProcessMemory request was completed. (0x12B)
[0421/155607.771:ERROR:process_memory_win.cc(73)] ReadMemory at 0x24b32bcf460 of 132 bytes failed: Only part of a ReadProcessMemory or WriteProcessMemory request was completed. (0x12B)
[0421/155607.771:ERROR:process_memory_win.cc(73)] ReadMemory at 0x24b32bcf590 of 132 bytes failed: Only part of a ReadProcessMemory or WriteProcessMemory request was completed. (0x12B)
[0421/155607.771:ERROR:process_memory_win.cc(73)] ReadMemory at 0x24b32bcf920 of 132 bytes failed: Only part of a ReadProcessMemory or WriteProcessMemory request was completed. (0x12B)
[0421/155607.771:ERROR:process_memory_win.cc(73)] ReadMemory at 0x24b32bcfa50 of 132 bytes failed: Only part of a ReadProcessMemory or WriteProcessMemory request was completed. (0x12B)
[0421/155607.771:ERROR:process_memory_win.cc(73)] ReadMemory at 0x24b32bcfb80 of 132 bytes failed: Only part of a ReadProcessMemory or WriteProcessMemory request was completed. (0x12B)
[0421/155607.771:ERROR:process_memory_win.cc(73)] ReadMemory at 0x24b32bcfcb0 of 132 bytes failed: Only part of a ReadProcessMemory or WriteProcessMemory request was completed. (0x12B)
[0421/155607.771:ERROR:process_memory_win.cc(73)] ReadMemory at 0x24b32bcfde0 of 132 bytes failed: Only part of a ReadProcessMemory or WriteProcessMemory request was completed. (0x12B)
[0421/155607.771:ERROR:process_memory_win.cc(73)] ReadMemory at 0x24b32bcff10 of 132 bytes failed: Only part of a ReadProcessMemory or WriteProcessMemory request was completed. (0x12B)
[0421/155607.772:ERROR:process_memory_win.cc(73)] ReadMemory at 0x24b32bd0040 of 132 bytes failed: Only part of a ReadProcessMemory or WriteProcessMemory request was completed. (0x12B)
[0421/155607.772:ERROR:process_memory_win.cc(73)] ReadMemory at 0x24b32bd0170 of 132 bytes failed: Only part of a ReadProcessMemory or WriteProcessMemory request was completed. (0x12B)
[0421/155607.772:ERROR:process_memory_win.cc(73)] ReadMemory at 0x24b32bd02a0 of 132 bytes failed: Only part of a ReadProcessMemory or WriteProcessMemory request was completed. (0x12B)
[0421/155607.772:ERROR:process_memory_win.cc(73)] ReadMemory at 0x24b32bd03d0 of 132 bytes failed: Only part of a ReadProcessMemory or WriteProcessMemory request was completed. (0x12B)
[0421/155607.772:ERROR:process_memory_win.cc(73)] ReadMemory at 0x24b32bd0500 of 132 bytes failed: Only part of a ReadProcessMemory or WriteProcessMemory request was completed. (0x12B)
[0421/155607.772:ERROR:process_memory_win.cc(73)] ReadMemory at 0x24b32bd0630 of 132 bytes failed: Only part of a ReadProcessMemory or WriteProcessMemory request was completed. (0x12B)
[0421/155607.772:ERROR:process_memory_win.cc(73)] ReadMemory at 0x24b32bd0760 of 132 bytes failed: Only part of a ReadProcessMemory or WriteProcessMemory request was completed. (0x12B)
[0421/155607.772:ERROR:process_memory_win.cc(73)] ReadMemory at 0x24b32bd0890 of 132 bytes failed: Only part of a ReadProcessMemory or WriteProcessMemory request was completed. (0x12B)
[0421/155607.772:ERROR:process_memory_win.cc(73)] ReadMemory at 0x24b32bd09c0 of 132 bytes failed: Only part of a ReadProcessMemory or WriteProcessMemory request was completed. (0x12B)
[0421/155607.772:ERROR:process_memory_win.cc(73)] ReadMemory at 0x24b32bd0af0 of 132 bytes failed: Only part of a ReadProcessMemory or WriteProcessMemory request was completed. (0x12B)
[0421/155607.772:ERROR:process_memory_win.cc(73)] ReadMemory at 0x24b32bd0c20 of 132 bytes failed: Only part of a ReadProcessMemory or WriteProcessMemory request was completed. (0x12B)
[0421/155607.772:ERROR:process_memory_win.cc(73)] ReadMemory at 0x24b32bd0d50 of 132 bytes failed: Only part of a ReadProcessMemory or WriteProcessMemory request was completed. (0x12B)
[0421/155607.773:ERROR:process_memory_win.cc(73)] ReadMemory at 0x24b32bdc030 of 60 bytes failed: Only part of a ReadProcessMemory or WriteProcessMemory request was completed. (0x12B)
[0421/155607.773:ERROR:process_memory_win.cc(73)] ReadMemory at 0x24b32bdc0d0 of 62 bytes failed: Only part of a ReadProcessMemory or WriteProcessMemory request was completed. (0x12B)
[0421/155607.773:ERROR:process_memory_win.cc(73)] ReadMemory at 0x24b32bdc260 of 58 bytes failed: Only part of a ReadProcessMemory or WriteProcessMemory request was completed. (0x12B)
[0421/155607.773:ERROR:process_memory_win.cc(73)] ReadMemory at 0x24b32bdc3a0 of 62 bytes failed: Only part of a ReadProcessMemory or WriteProcessMemory request was completed. (0x12B)
[0421/155607.773:ERROR:process_memory_win.cc(73)] ReadMemory at 0x24b32bdc440 of 64 bytes failed: Only part of a ReadProcessMemory or WriteProcessMemory request was completed. (0x12B)
[0421/155607.773:ERROR:process_memory_win.cc(73)] ReadMemory at 0x24b32bdc9e0 of 58 bytes failed: Only part of a ReadProcessMemory or WriteProcessMemory request was completed. (0x12B)
[0421/155607.773:ERROR:process_memory_win.cc(73)] ReadMemory at 0x24b32bdca30 of 66 bytes failed: Only part of a ReadProcessMemory or WriteProcessMemory request was completed. (0x12B)
[0421/155607.773:ERROR:process_memory_win.cc(73)] ReadMemory at 0x24b32bdca80 of 60 bytes failed: Only part of a ReadProcessMemory or WriteProcessMemory request was completed. (0x12B)
[0421/155607.773:ERROR:process_memory_win.cc(73)] ReadMemory at 0x24b32bdcad0 of 62 bytes failed: Only part of a ReadProcessMemory or WriteProcessMemory request was completed. (0x12B)
[0421/155607.773:ERROR:process_memory_win.cc(73)] ReadMemory at 0x24b32bdccb0 of 58 bytes failed: Only part of a ReadProcessMemory or WriteProcessMemory request was completed. (0x12B)
[0421/155607.773:ERROR:process_memory_win.cc(73)] ReadMemory at 0x24b32bdcee0 of 66 bytes failed: Only part of a ReadProcessMemory or WriteProcessMemory request was completed. (0x12B)
[0421/155607.773:ERROR:process_memory_win.cc(73)] ReadMemory at 0x24b32c110f0 of 66 bytes failed: Only part of a ReadProcessMemory or WriteProcessMemory request was completed. (0x12B)
[0421/155607.773:ERROR:process_memory_win.cc(73)] ReadMemory at 0x24b32c11140 of 60 bytes failed: Only part of a ReadProcessMemory or WriteProcessMemory request was completed. (0x12B)
[0421/155607.773:ERROR:process_memory_win.cc(73)] ReadMemory at 0x24b32c11190 of 64 bytes failed: Only part of a ReadProcessMemory or WriteProcessMemory request was completed. (0x12B)
[0421/155607.774:ERROR:process_memory_win.cc(73)] ReadMemory at 0x24b32c113c0 of 64 bytes failed: Only part of a ReadProcessMemory or WriteProcessMemory request was completed. (0x12B)
[0421/155607.774:ERROR:process_memory_win.cc(73)] ReadMemory at 0x24b32c118c0 of 60 bytes failed: Only part of a ReadProcessMemory or WriteProcessMemory request was completed. (0x12B)
[0421/155607.774:ERROR:process_memory_win.cc(73)] ReadMemory at 0x24b32c11960 of 62 bytes failed: Only part of a ReadProcessMemory or WriteProcessMemory request was completed. (0x12B)
[0421/155607.774:ERROR:process_memory_win.cc(73)] ReadMemory at 0x24b32c11c80 of 62 bytes failed: Only part of a ReadProcessMemory or WriteProcessMemory request was completed. (0x12B)
[0422/092820.630:ERROR:process_reader_win.cc(151)] SuspendThread: Access is denied. (0x5)
[0422/092820.631:ERROR:exception_snapshot_win.cc(98)] thread ID 8468 not found in process
[0422/092820.632:ERROR:scoped_process_suspend.cc(40)] NtResumeProcess: An attempt was made to access an exiting process. (0xc000010a)
[0422/102637.162:ERROR:process_memory_win.cc(73)] ReadMemory at 0x53d3300000 of 1048576 bytes failed: Only part of a ReadProcessMemory or WriteProcessMemory request was completed. (0x12B)
[0422/102637.166:ERROR:process_memory_win.cc(73)] ReadMemory at 0x53c821e000 of 852 bytes failed: Only part of a ReadProcessMemory or WriteProcessMemory request was completed. (0x12B)
[0422/102637.166:ERROR:process_memory_win.cc(73)] ReadMemory at 0x53c8249000 of 6024 bytes failed: Only part of a ReadProcessMemory or WriteProcessMemory request was completed. (0x12B)
[0422/102637.167:ERROR:process_memory_win.cc(73)] ReadMemory at 0x18771960fe0 of 22016 bytes failed: Only part of a ReadProcessMemory or WriteProcessMemory request was completed. (0x12B)
[0422/102637.167:ERROR:process_memory_win.cc(73)] ReadMemory at 0x187719665f0 of 1012 bytes failed: Only part of a ReadProcessMemory or WriteProcessMemory request was completed. (0x12B)
[0422/102637.167:ERROR:process_memory_win.cc(73)] ReadMemory at 0x18771966c38 of 118 bytes failed: Only part of a ReadProcessMemory or WriteProcessMemory request was completed. (0x12B)
[0422/102637.167:ERROR:process_memory_win.cc(73)] ReadMemory at 0x18771966cb0 of 1272 bytes failed: Only part of a ReadProcessMemory or WriteProcessMemory request was completed. (0x12B)
[0422/102637.167:ERROR:process_memory_win.cc(73)] ReadMemory at 0x187719671aa of 118 bytes failed: Only part of a ReadProcessMemory or WriteProcessMemory request was completed. (0x12B)
[0422/102637.167:ERROR:process_memory_win.cc(73)] ReadMemory at 0x18771967222 of 98 bytes failed: Only part of a ReadProcessMemory or WriteProcessMemory request was completed. (0x12B)
[0422/102637.167:ERROR:process_memory_win.cc(73)] ReadMemory at 0x18771967290 of 58 bytes failed: Only part of a ReadProcessMemory or WriteProcessMemory request was completed. (0x12B)
[0422/102637.168:ERROR:process_memory_win.cc(73)] ReadMemory at 0x18771967390 of 132 bytes failed: Only part of a ReadProcessMemory or WriteProcessMemory request was completed. (0x12B)
[0422/102637.168:ERROR:process_memory_win.cc(73)] ReadMemory at 0x18771967520 of 132 bytes failed: Only part of a ReadProcessMemory or WriteProcessMemory request was completed. (0x12B)
[0422/102637.168:ERROR:process_memory_win.cc(73)] ReadMemory at 0x187719676e0 of 126 bytes failed: Only part of a ReadProcessMemory or WriteProcessMemory request was completed. (0x12B)
[0422/102637.169:ERROR:process_memory_win.cc(73)] ReadMemory at 0x18771967ac0 of 132 bytes failed: Only part of a ReadProcessMemory or WriteProcessMemory request was completed. (0x12B)
[0422/102637.169:ERROR:process_memory_win.cc(73)] ReadMemory at 0x18771967c50 of 64 bytes failed: Only part of a ReadProcessMemory or WriteProcessMemory request was completed. (0x12B)
[0422/102637.169:ERROR:process_memory_win.cc(73)] ReadMemory at 0x18771967ca0 of 132 bytes failed: Only part of a ReadProcessMemory or WriteProcessMemory request was completed. (0x12B)
[0422/102637.169:ERROR:process_memory_win.cc(73)] ReadMemory at 0x18771967e10 of 132 bytes failed: Only part of a ReadProcessMemory or WriteProcessMemory request was completed. (0x12B)
[0422/102637.169:ERROR:process_memory_win.cc(73)] ReadMemory at 0x187719680c0 of 132 bytes failed: Only part of a ReadProcessMemory or WriteProcessMemory request was completed. (0x12B)
[0422/102637.169:ERROR:process_memory_win.cc(73)] ReadMemory at 0x18771968250 of 68 bytes failed: Only part of a ReadProcessMemory or WriteProcessMemory request was completed. (0x12B)
[0422/102637.172:ERROR:process_memory_win.cc(73)] ReadMemory at 0x18771969420 of 132 bytes failed: Only part of a ReadProcessMemory or WriteProcessMemory request was completed. (0x12B)
[0422/102637.172:ERROR:process_memory_win.cc(73)] ReadMemory at 0x187719695b0 of 154 bytes failed: Only part of a ReadProcessMemory or WriteProcessMemory request was completed. (0x12B)
[0422/102637.173:ERROR:process_memory_win.cc(73)] ReadMemory at 0x1877196a51c of 512 bytes failed: Only part of a ReadProcessMemory or WriteProcessMemory request was completed. (0x12B)
[0422/102637.173:ERROR:process_memory_win.cc(73)] ReadMemory at 0x1877196bca0 of 60 bytes failed: Only part of a ReadProcessMemory or WriteProcessMemory request was completed. (0x12B)
[0422/102637.173:ERROR:process_memory_win.cc(73)] ReadMemory at 0x1877196bd10 of 62 bytes failed: Only part of a ReadProcessMemory or WriteProcessMemory request was completed. (0x12B)
[0422/102637.173:ERROR:process_memory_win.cc(73)] ReadMemory at 0x1877196bd60 of 146 bytes failed: Only part of a ReadProcessMemory or WriteProcessMemory request was completed. (0x12B)
[0422/102637.173:ERROR:process_memory_win.cc(73)] ReadMemory at 0x1877196be40 of 132 bytes failed: Only part of a ReadProcessMemory or WriteProcessMemory request was completed. (0x12B)
[0422/102637.173:ERROR:process_memory_win.cc(73)] ReadMemory at 0x1877196cb30 of 132 bytes failed: Only part of a ReadProcessMemory or WriteProcessMemory request was completed. (0x12B)
[0422/102637.173:ERROR:process_memory_win.cc(73)] ReadMemory at 0x1877196cd50 of 132 bytes failed: Only part of a ReadProcessMemory or WriteProcessMemory request was completed. (0x12B)
[0422/102637.174:ERROR:process_memory_win.cc(73)] ReadMemory at 0x1877196f3b0 of 132 bytes failed: Only part of a ReadProcessMemory or WriteProcessMemory request was completed. (0x12B)
[0422/102637.174:ERROR:process_memory_win.cc(73)] ReadMemory at 0x1877196f4e0 of 132 bytes failed: Only part of a ReadProcessMemory or WriteProcessMemory request was completed. (0x12B)
[0422/102637.174:ERROR:process_memory_win.cc(73)] ReadMemory at 0x1877196f670 of 80 bytes failed: Only part of a ReadProcessMemory or WriteProcessMemory request was completed. (0x12B)
[0422/102637.174:ERROR:process_memory_win.cc(73)] ReadMemory at 0x1877196f860 of 64 bytes failed: Only part of a ReadProcessMemory or WriteProcessMemory request was completed. (0x12B)
[0422/102637.174:ERROR:process_memory_win.cc(73)] ReadMemory at 0x1877196f8b0 of 62 bytes failed: Only part of a ReadProcessMemory or WriteProcessMemory request was completed. (0x12B)
[0422/102637.174:ERROR:process_memory_win.cc(73)] ReadMemory at 0x1877196f900 of 64 bytes failed: Only part of a ReadProcessMemory or WriteProcessMemory request was completed. (0x12B)
[0422/102637.174:ERROR:process_memory_win.cc(73)] ReadMemory at 0x1877196fb80 of 64 bytes failed: Only part of a ReadProcessMemory or WriteProcessMemory request was completed. (0x12B)
[0422/102637.174:ERROR:process_memory_win.cc(73)] ReadMemory at 0x1877196fcc0 of 60 bytes failed: Only part of a ReadProcessMemory or WriteProcessMemory request was completed. (0x12B)
[0422/102637.175:ERROR:process_memory_win.cc(73)] ReadMemory at 0x1877196fdb0 of 60 bytes failed: Only part of a ReadProcessMemory or WriteProcessMemory request was completed. (0x12B)
[0422/102637.175:ERROR:process_memory_win.cc(73)] ReadMemory at 0x1877196fe00 of 64 bytes failed: Only part of a ReadProcessMemory or WriteProcessMemory request was completed. (0x12B)
[0422/102637.175:ERROR:process_memory_win.cc(73)] ReadMemory at 0x1877196fe50 of 66 bytes failed: Only part of a ReadProcessMemory or WriteProcessMemory request was completed. (0x12B)
[0422/102637.175:ERROR:process_memory_win.cc(73)] ReadMemory at 0x1877196fea0 of 62 bytes failed: Only part of a ReadProcessMemory or WriteProcessMemory request was completed. (0x12B)
[0422/102637.175:ERROR:process_memory_win.cc(73)] ReadMemory at 0x18771970420 of 132 bytes failed: Only part of a ReadProcessMemory or WriteProcessMemory request was completed. (0x12B)
[0422/102637.175:ERROR:process_memory_win.cc(73)] ReadMemory at 0x18771970550 of 132 bytes failed: Only part of a ReadProcessMemory or WriteProcessMemory request was completed. (0x12B)
[0422/102637.175:ERROR:process_memory_win.cc(73)] ReadMemory at 0x187719707b0 of 132 bytes failed: Only part of a ReadProcessMemory or WriteProcessMemory request was completed. (0x12B)
[0422/102637.176:ERROR:process_memory_win.cc(73)] ReadMemory at 0x187719708e0 of 132 bytes failed: Only part of a ReadProcessMemory or WriteProcessMemory request was completed. (0x12B)
[0422/102637.176:ERROR:process_memory_win.cc(73)] ReadMemory at 0x18771970a10 of 132 bytes failed: Only part of a ReadProcessMemory or WriteProcessMemory request was completed. (0x12B)
[0422/102637.176:ERROR:process_memory_win.cc(73)] ReadMemory at 0x18771970b40 of 132 bytes failed: Only part of a ReadProcessMemory or WriteProcessMemory request was completed. (0x12B)
[0422/102637.176:ERROR:process_memory_win.cc(73)] ReadMemory at 0x18771970c70 of 132 bytes failed: Only part of a ReadProcessMemory or WriteProcessMemory request was completed. (0x12B)
[0422/102637.176:ERROR:process_memory_win.cc(73)] ReadMemory at 0x18771970da0 of 132 bytes failed: Only part of a ReadProcessMemory or WriteProcessMemory request was completed. (0x12B)
[0422/102637.176:ERROR:process_memory_win.cc(73)] ReadMemory at 0x18771970ed0 of 132 bytes failed: Only part of a ReadProcessMemory or WriteProcessMemory request was completed. (0x12B)
[0422/102637.176:ERROR:process_memory_win.cc(73)] ReadMemory at 0x18771971000 of 132 bytes failed: Only part of a ReadProcessMemory or WriteProcessMemory request was completed. (0x12B)
[0422/102637.176:ERROR:process_memory_win.cc(73)] ReadMemory at 0x18771971130 of 132 bytes failed: Only part of a ReadProcessMemory or WriteProcessMemory request was completed. (0x12B)
[0422/102637.176:ERROR:process_memory_win.cc(73)] ReadMemory at 0x18771971260 of 132 bytes failed: Only part of a ReadProcessMemory or WriteProcessMemory request was completed. (0x12B)
[0422/102637.177:ERROR:process_memory_win.cc(73)] ReadMemory at 0x18771974d80 of 54 bytes failed: Only part of a ReadProcessMemory or WriteProcessMemory request was completed. (0x12B)
[0422/102637.177:ERROR:process_memory_win.cc(73)] ReadMemory at 0x18771975b30 of 132 bytes failed: Only part of a ReadProcessMemory or WriteProcessMemory request was completed. (0x12B)
[0422/102637.177:ERROR:process_memory_win.cc(73)] ReadMemory at 0x18771975e90 of 132 bytes failed: Only part of a ReadProcessMemory or WriteProcessMemory request was completed. (0x12B)
[0422/102637.177:ERROR:process_memory_win.cc(73)] ReadMemory at 0x187719760a0 of 132 bytes failed: Only part of a ReadProcessMemory or WriteProcessMemory request was completed. (0x12B)
[0422/102637.177:ERROR:process_memory_win.cc(73)] ReadMemory at 0x18771978170 of 132 bytes failed: Only part of a ReadProcessMemory or WriteProcessMemory request was completed. (0x12B)
[0422/102637.177:ERROR:process_memory_win.cc(73)] ReadMemory at 0x187719783a0 of 132 bytes failed: Only part of a ReadProcessMemory or WriteProcessMemory request was completed. (0x12B)
[0422/102637.177:ERROR:process_memory_win.cc(73)] ReadMemory at 0x1877197a410 of 76 bytes failed: Only part of a ReadProcessMemory or WriteProcessMemory request was completed. (0x12B)
[0422/102637.178:ERROR:process_memory_win.cc(73)] ReadMemory at 0x1877197a650 of 80 bytes failed: Only part of a ReadProcessMemory or WriteProcessMemory request was completed. (0x12B)
[0422/102637.178:ERROR:process_memory_win.cc(73)] ReadMemory at 0x1877197a6b0 of 78 bytes failed: Only part of a ReadProcessMemory or WriteProcessMemory request was completed. (0x12B)
[0422/102637.178:ERROR:process_memory_win.cc(73)] ReadMemory at 0x1877197c050 of 66 bytes failed: Only part of a ReadProcessMemory or WriteProcessMemory request was completed. (0x12B)
[0422/102637.178:ERROR:process_memory_win.cc(73)] ReadMemory at 0x1877197c0a0 of 58 bytes failed: Only part of a ReadProcessMemory or WriteProcessMemory request was completed. (0x12B)
[0422/102637.178:ERROR:process_memory_win.cc(73)] ReadMemory at 0x1877197c140 of 64 bytes failed: Only part of a ReadProcessMemory or WriteProcessMemory request was completed. (0x12B)
[0422/102637.178:ERROR:process_memory_win.cc(73)] ReadMemory at 0x1877197c190 of 60 bytes failed: Only part of a ReadProcessMemory or WriteProcessMemory request was completed. (0x12B)
[0422/102637.179:ERROR:process_memory_win.cc(73)] ReadMemory at 0x1877197c1e0 of 62 bytes failed: Only part of a ReadProcessMemory or WriteProcessMemory request was completed. (0x12B)
[0422/102637.179:ERROR:process_memory_win.cc(73)] ReadMemory at 0x1877197c2d0 of 62 bytes failed: Only part of a ReadProcessMemory or WriteProcessMemory request was completed. (0x12B)
[0422/102637.179:ERROR:process_memory_win.cc(73)] ReadMemory at 0x1877197c410 of 62 bytes failed: Only part of a ReadProcessMemory or WriteProcessMemory request was completed. (0x12B)
[0422/102637.179:ERROR:process_memory_win.cc(73)] ReadMemory at 0x1877197c640 of 62 bytes failed: Only part of a ReadProcessMemory or WriteProcessMemory request was completed. (0x12B)
[0422/102637.179:ERROR:process_memory_win.cc(73)] ReadMemory at 0x1877197c690 of 62 bytes failed: Only part of a ReadProcessMemory or WriteProcessMemory request was completed. (0x12B)
[0422/102637.179:ERROR:process_memory_win.cc(73)] ReadMemory at 0x1877197c8c0 of 60 bytes failed: Only part of a ReadProcessMemory or WriteProcessMemory request was completed. (0x12B)
[0422/102637.179:ERROR:process_memory_win.cc(73)] ReadMemory at 0x1877197c910 of 62 bytes failed: Only part of a ReadProcessMemory or WriteProcessMemory request was completed. (0x12B)
[0422/102637.179:ERROR:process_memory_win.cc(73)] ReadMemory at 0x1877197c960 of 60 bytes failed: Only part of a ReadProcessMemory or WriteProcessMemory request was completed. (0x12B)
[0422/102637.180:ERROR:process_memory_win.cc(73)] ReadMemory at 0x1877197caa0 of 64 bytes failed: Only part of a ReadProcessMemory or WriteProcessMemory request was completed. (0x12B)
[0422/102637.180:ERROR:process_memory_win.cc(73)] ReadMemory at 0x1877197caf0 of 62 bytes failed: Only part of a ReadProcessMemory or WriteProcessMemory request was completed. (0x12B)
[0422/102637.180:ERROR:process_memory_win.cc(73)] ReadMemory at 0x1877197cb90 of 60 bytes failed: Only part of a ReadProcessMemory or WriteProcessMemory request was completed. (0x12B)
[0422/102637.180:ERROR:process_memory_win.cc(73)] ReadMemory at 0x1877197cd20 of 64 bytes failed: Only part of a ReadProcessMemory or WriteProcessMemory request was completed. (0x12B)
[0422/102637.180:ERROR:process_memory_win.cc(73)] ReadMemory at 0x1877197cd70 of 62 bytes failed: Only part of a ReadProcessMemory or WriteProcessMemory request was completed. (0x12B)
[0422/102637.180:ERROR:process_memory_win.cc(73)] ReadMemory at 0x1877197cdc0 of 64 bytes failed: Only part of a ReadProcessMemory or WriteProcessMemory request was completed. (0x12B)
[0422/102637.180:ERROR:process_memory_win.cc(73)] ReadMemory at 0x1877197d010 of 132 bytes failed: Only part of a ReadProcessMemory or WriteProcessMemory request was completed. (0x12B)
[0422/102637.180:ERROR:process_memory_win.cc(73)] ReadMemory at 0x1877197d140 of 132 bytes failed: Only part of a ReadProcessMemory or WriteProcessMemory request was completed. (0x12B)
[0422/102637.181:ERROR:process_memory_win.cc(73)] ReadMemory at 0x1877197d270 of 132 bytes failed: Only part of a ReadProcessMemory or WriteProcessMemory request was completed. (0x12B)
[0422/102637.181:ERROR:process_memory_win.cc(73)] ReadMemory at 0x1877197d3a0 of 132 bytes failed: Only part of a ReadProcessMemory or WriteProcessMemory request was completed. (0x12B)
[0422/102637.181:ERROR:process_memory_win.cc(73)] ReadMemory at 0x1877197d4d0 of 132 bytes failed: Only part of a ReadProcessMemory or WriteProcessMemory request was completed. (0x12B)
[0422/102637.181:ERROR:process_memory_win.cc(73)] ReadMemory at 0x1877197d600 of 132 bytes failed: Only part of a ReadProcessMemory or WriteProcessMemory request was completed. (0x12B)
[0422/102637.181:ERROR:process_memory_win.cc(73)] ReadMemory at 0x1877197d730 of 132 bytes failed: Only part of a ReadProcessMemory or WriteProcessMemory request was completed. (0x12B)
[0422/102637.181:ERROR:process_memory_win.cc(73)] ReadMemory at 0x1877197d860 of 132 bytes failed: Only part of a ReadProcessMemory or WriteProcessMemory request was completed. (0x12B)
[0422/102637.181:ERROR:process_memory_win.cc(73)] ReadMemory at 0x1877197d990 of 132 bytes failed: Only part of a ReadProcessMemory or WriteProcessMemory request was completed. (0x12B)
[0422/102637.181:ERROR:process_memory_win.cc(73)] ReadMemory at 0x1877197dac0 of 132 bytes failed: Only part of a ReadProcessMemory or WriteProcessMemory request was completed. (0x12B)
[0422/102637.181:ERROR:process_memory_win.cc(73)] ReadMemory at 0x1877197dbf0 of 132 bytes failed: Only part of a ReadProcessMemory or WriteProcessMemory request was completed. (0x12B)
[0422/102637.181:ERROR:process_memory_win.cc(73)] ReadMemory at 0x1877197dd20 of 132 bytes failed: Only part of a ReadProcessMemory or WriteProcessMemory request was completed. (0x12B)
[0422/102637.181:ERROR:process_memory_win.cc(73)] ReadMemory at 0x1877197de50 of 132 bytes failed: Only part of a ReadProcessMemory or WriteProcessMemory request was completed. (0x12B)
[0422/102637.182:ERROR:process_memory_win.cc(73)] ReadMemory at 0x1877197e1e0 of 132 bytes failed: Only part of a ReadProcessMemory or WriteProcessMemory request was completed. (0x12B)
[0422/102637.182:ERROR:process_memory_win.cc(73)] ReadMemory at 0x1877197e440 of 132 bytes failed: Only part of a ReadProcessMemory or WriteProcessMemory request was completed. (0x12B)
[0422/102637.182:ERROR:process_memory_win.cc(73)] ReadMemory at 0x1877197e6a0 of 132 bytes failed: Only part of a ReadProcessMemory or WriteProcessMemory request was completed. (0x12B)
[0422/102637.182:ERROR:process_memory_win.cc(73)] ReadMemory at 0x1877197e7d0 of 132 bytes failed: Only part of a ReadProcessMemory or WriteProcessMemory request was completed. (0x12B)
[0422/102637.182:ERROR:process_memory_win.cc(73)] ReadMemory at 0x1877197ea30 of 132 bytes failed: Only part of a ReadProcessMemory or WriteProcessMemory request was completed. (0x12B)
[0422/102637.182:ERROR:process_memory_win.cc(73)] ReadMemory at 0x1877197eb60 of 132 bytes failed: Only part of a ReadProcessMemory or WriteProcessMemory request was completed. (0x12B)
[0422/102637.182:ERROR:process_memory_win.cc(73)] ReadMemory at 0x1877197ec90 of 132 bytes failed: Only part of a ReadProcessMemory or WriteProcessMemory request was completed. (0x12B)
[0422/102637.182:ERROR:process_memory_win.cc(73)] ReadMemory at 0x1877197edc0 of 132 bytes failed: Only part of a ReadProcessMemory or WriteProcessMemory request was completed. (0x12B)
[0422/102637.183:ERROR:process_memory_win.cc(73)] ReadMemory at 0x18771989640 of 62 bytes failed: Only part of a ReadProcessMemory or WriteProcessMemory request was completed. (0x12B)
[0422/102637.183:ERROR:process_memory_win.cc(73)] ReadMemory at 0x187719899b0 of 62 bytes failed: Only part of a ReadProcessMemory or WriteProcessMemory request was completed. (0x12B)
[0422/102637.183:ERROR:process_memory_win.cc(73)] ReadMemory at 0x18771989b40 of 58 bytes failed: Only part of a ReadProcessMemory or WriteProcessMemory request was completed. (0x12B)
[0422/102637.183:ERROR:process_memory_win.cc(73)] ReadMemory at 0x18771989eb0 of 62 bytes failed: Only part of a ReadProcessMemory or WriteProcessMemory request was completed. (0x12B)
[0422/102637.183:ERROR:process_memory_win.cc(73)] ReadMemory at 0x18771989f00 of 66 bytes failed: Only part of a ReadProcessMemory or WriteProcessMemory request was completed. (0x12B)
[0422/102637.183:ERROR:process_memory_win.cc(73)] ReadMemory at 0x18771989ff0 of 58 bytes failed: Only part of a ReadProcessMemory or WriteProcessMemory request was completed. (0x12B)
[0422/102637.183:ERROR:process_memory_win.cc(73)] ReadMemory at 0x1877198a090 of 60 bytes failed: Only part of a ReadProcessMemory or WriteProcessMemory request was completed. (0x12B)
[0422/102637.183:ERROR:process_memory_win.cc(73)] ReadMemory at 0x1877198a0e0 of 64 bytes failed: Only part of a ReadProcessMemory or WriteProcessMemory request was completed. (0x12B)
[0422/102637.184:ERROR:process_memory_win.cc(73)] ReadMemory at 0x1877198a400 of 60 bytes failed: Only part of a ReadProcessMemory or WriteProcessMemory request was completed. (0x12B)
[0422/102637.184:ERROR:process_memory_win.cc(73)] ReadMemory at 0x1877198a4a0 of 58 bytes failed: Only part of a ReadProcessMemory or WriteProcessMemory request was completed. (0x12B)
[0422/102637.184:ERROR:process_memory_win.cc(73)] ReadMemory at 0x7ffbe64e0000 of 384 bytes failed: Only part of a ReadProcessMemory or WriteProcessMemory request was completed. (0x12B)
[0422/102637.184:ERROR:process_memory_win.cc(73)] ReadMemory at 0x7ffbe6bd7c28 of 512 bytes failed: Only part of a ReadProcessMemory or WriteProcessMemory request was completed. (0x12B)
[0422/102637.184:ERROR:process_memory_win.cc(73)] ReadMemory at 0x7ffbec874294 of 512 bytes failed: Only part of a ReadProcessMemory or WriteProcessMemory request was completed. (0x12B)
[0422/102637.184:ERROR:process_memory_win.cc(73)] ReadMemory at 0x7ffc4100b6e0 of 512 bytes failed: Only part of a ReadProcessMemory or WriteProcessMemory request was completed. (0x12B)
[0422/102637.184:ERROR:process_memory_win.cc(73)] ReadMemory at 0x7ffc432ac490 of 512 bytes failed: Only part of a ReadProcessMemory or WriteProcessMemory request was completed. (0x12B)
[0422/102637.184:ERROR:process_memory_win.cc(73)] ReadMemory at 0x7ffc432bc674 of 512 bytes failed: Only part of a ReadProcessMemory or WriteProcessMemory request was completed. (0x12B)
[0422/102637.185:ERROR:process_memory_win.cc(73)] ReadMemory at 0x7ffc4334c428 of 18 bytes failed: Only part of a ReadProcessMemory or WriteProcessMemory request was completed. (0x12B)
[0422/102637.185:ERROR:process_memory_win.cc(73)] ReadMemory at 0x7ffc4337f4f8 of 40 bytes failed: Only part of a ReadProcessMemory or WriteProcessMemory request was completed. (0x12B)
[0422/102637.185:ERROR:process_memory_win.cc(73)] ReadMemory at 0x7ffc4337f978 of 48 bytes failed: Only part of a ReadProcessMemory or WriteProcessMemory request was completed. (0x12B)
[0422/102637.185:ERROR:process_memory_win.cc(73)] ReadMemory at 0x7ffc433853c0 of 64 bytes failed: Only part of a ReadProcessMemory or WriteProcessMemory request was completed. (0x12B)
[0422/102637.187:ERROR:scoped_process_suspend.cc(40)] NtResumeProcess: An attempt was made to access an exiting process. (0xc000010a)
